=== RUN   TestBuildConfig
--- PASS: TestBuildConfig (0.01s)
=== RUN   TestBuildConfigDiags
--- PASS: TestBuildConfigDiags (0.00s)
=== RUN   TestBuildConfigChildModuleBackend
--- PASS: TestBuildConfigChildModuleBackend (0.00s)
=== RUN   TestBuildConfigInvalidModules
=== RUN   TestBuildConfigInvalidModules/empty-configs
    config_build_test.go:273: Expected warning diagnostic containing:
            empty-configs/mod/main.tf:10,1-15: Redundant empty provider block; Earlier versions of OpenTofu used empty provider blocks ("proxy provider configurations") for child modules to declare their need to be passed a provider configuration by their callers. That approach was ambiguous and is now deprecated.
    config_build_test.go:273: Expected warning diagnostic containing:
            empty-configs/mod/main.tf:17,1-15: Redundant empty provider block; Earlier versions of OpenTofu used empty provider blocks ("proxy provider configurations") for child modules to declare their need to be passed a provider configuration by their callers. That approach was ambiguous and is now deprecated.
=== RUN   TestBuildConfigInvalidModules/import-in-child-module
=== RUN   TestBuildConfigInvalidModules/incorrect-type
    config_build_test.go:273: Expected warning diagnostic containing:
            incorrect-type/main.tf:16,5-8: Reference to undefined provider; There is no explicit declaration for local provider name "baz" in module.mod, so OpenTofu is assuming you mean to pass a configuration for "hashicorp/baz".
    config_build_test.go:290: Unexpected warning:
            testdata/config-diagnostics/incorrect-type/main.tf:16,5-8: Reference to undefined provider; There is no explicit declaration for local provider name "baz" in module.mod, so Farseek is assuming you mean to pass a configuration for "hashicorp/baz".
        
        If you also control the child module, add a required_providers entry named "baz" with the source address "hashicorp/baz".
=== RUN   TestBuildConfigInvalidModules/invalid-provider
=== RUN   TestBuildConfigInvalidModules/nested-provider
=== RUN   TestBuildConfigInvalidModules/override-provider
=== RUN   TestBuildConfigInvalidModules/pass-inherited-provider
=== RUN   TestBuildConfigInvalidModules/provider-foreach
=== RUN   TestBuildConfigInvalidModules/required-alias
=== RUN   TestBuildConfigInvalidModules/tests-provider-mismatch
=== RUN   TestBuildConfigInvalidModules/tests-provider-mismatch-with-module
=== RUN   TestBuildConfigInvalidModules/unexpected-provider
    config_build_test.go:273: Expected warning diagnostic containing:
            unexpected-provider/main.tf:13,5-8: Reference to undefined provider; There is no explicit declaration for local provider name "foo" in module.mod, so OpenTofu is assuming you mean to pass a configuration for "hashicorp/foo".
    config_build_test.go:290: Unexpected warning:
            testdata/config-diagnostics/unexpected-provider/main.tf:13,5-8: Reference to undefined provider; There is no explicit declaration for local provider name "foo" in module.mod, so Farseek is assuming you mean to pass a configuration for "hashicorp/foo".
        
        If you also control the child module, add a required_providers entry named "foo" with the source address "hashicorp/foo".
=== RUN   TestBuildConfigInvalidModules/unknown-root-provider
    config_build_test.go:273: Expected warning diagnostic containing:
            unknown-root-provider/main.tf:5,11-14: Reference to undefined provider; There is no explicit declaration for local provider name "bar" in the root module, so OpenTofu is assuming you mean to pass a configuration for provider "hashicorp/bar".
    config_build_test.go:290: Unexpected warning:
            testdata/config-diagnostics/unknown-root-provider/main.tf:5,11-14: Reference to undefined provider; There is no explicit declaration for local provider name "bar" in the root module, so Farseek is assuming you mean to pass a configuration for provider "hashicorp/bar".
        
        To clarify your intent and silence this warning, add to the root module a required_providers entry named "bar" with source = "hashicorp/bar", or a different source address if appropriate.
=== RUN   TestBuildConfigInvalidModules/with-depends-on
--- FAIL: TestBuildConfigInvalidModules (0.01s)
    --- FAIL: TestBuildConfigInvalidModules/empty-configs (0.00s)
    --- PASS: TestBuildConfigInvalidModules/import-in-child-module (0.00s)
    --- FAIL: TestBuildConfigInvalidModules/incorrect-type (0.00s)
    --- PASS: TestBuildConfigInvalidModules/invalid-provider (0.00s)
    --- PASS: TestBuildConfigInvalidModules/nested-provider (0.00s)
    --- PASS: TestBuildConfigInvalidModules/override-provider (0.00s)
    --- PASS: TestBuildConfigInvalidModules/pass-inherited-provider (0.00s)
    --- PASS: TestBuildConfigInvalidModules/provider-foreach (0.00s)
    --- PASS: TestBuildConfigInvalidModules/required-alias (0.00s)
    --- PASS: TestBuildConfigInvalidModules/tests-provider-mismatch (0.00s)
    --- PASS: TestBuildConfigInvalidModules/tests-provider-mismatch-with-module (0.00s)
    --- FAIL: TestBuildConfigInvalidModules/unexpected-provider (0.00s)
    --- FAIL: TestBuildConfigInvalidModules/unknown-root-provider (0.00s)
    --- PASS: TestBuildConfigInvalidModules/with-depends-on (0.00s)
=== RUN   TestBuildConfig_WithNestedTestModules
--- PASS: TestBuildConfig_WithNestedTestModules (0.00s)
=== RUN   TestBuildConfig_WithTestModule
--- PASS: TestBuildConfig_WithTestModule (0.00s)
=== RUN   TestConfigProviderTypes
--- PASS: TestConfigProviderTypes (0.00s)
=== RUN   TestConfigProviderTypes_nested
--- PASS: TestConfigProviderTypes_nested (0.00s)
=== RUN   TestConfigResolveAbsProviderAddr
=== RUN   TestConfigResolveAbsProviderAddr/already_absolute
=== RUN   TestConfigResolveAbsProviderAddr/local,_implied_mapping
=== RUN   TestConfigResolveAbsProviderAddr/local,_explicit_mapping
--- PASS: TestConfigResolveAbsProviderAddr (0.00s)
    --- PASS: TestConfigResolveAbsProviderAddr/already_absolute (0.00s)
    --- PASS: TestConfigResolveAbsProviderAddr/local,_implied_mapping (0.00s)
    --- PASS: TestConfigResolveAbsProviderAddr/local,_explicit_mapping (0.00s)
=== RUN   TestConfigProviderRequirements
--- PASS: TestConfigProviderRequirements (0.00s)
=== RUN   TestConfigProviderRequirementsInclTests
--- PASS: TestConfigProviderRequirementsInclTests (0.00s)
=== RUN   TestConfigProviderRequirementsDuplicate
--- PASS: TestConfigProviderRequirementsDuplicate (0.00s)
=== RUN   TestConfigProviderForEach
--- PASS: TestConfigProviderForEach (0.00s)
=== RUN   TestConfigProviderFromJSON
--- PASS: TestConfigProviderFromJSON (0.00s)
=== RUN   TestConfigProviderRequirementsShallow
--- PASS: TestConfigProviderRequirementsShallow (0.00s)
=== RUN   TestConfigProviderRequirementsShallowInclTests
--- PASS: TestConfigProviderRequirementsShallowInclTests (0.00s)
=== RUN   TestConfigProviderRequirementsByModule
--- PASS: TestConfigProviderRequirementsByModule (0.00s)
=== RUN   TestConfigProviderRequirementsByModuleInclTests
--- PASS: TestConfigProviderRequirementsByModuleInclTests (0.00s)
=== RUN   TestVerifyDependencySelections
=== RUN   TestVerifyDependencySelections/empty_locks
2025-12-27T22:22:51.865-0500 [TRACE] Config.VerifyDependencySelections: provider registry.opentofu.org/hashicorp/importimplied has no lock file entry to satisfy ""
2025-12-27T22:22:51.865-0500 [TRACE] Config.VerifyDependencySelections: provider registry.opentofu.org/hashicorp/importexplicit has no lock file entry to satisfy ""
2025-12-27T22:22:51.865-0500 [TRACE] Config.VerifyDependencySelections: provider registry.opentofu.org/hashicorp/configured has no lock file entry to satisfy "~> 1.4"
2025-12-27T22:22:51.865-0500 [TRACE] Config.VerifyDependencySelections: provider registry.opentofu.org/hashicorp/grandchild has no lock file entry to satisfy ""
2025-12-27T22:22:51.865-0500 [TRACE] Config.VerifyDependencySelections: provider registry.opentofu.org/hashicorp/null has no lock file entry to satisfy "~> 2.0.0, 2.0.1"
2025-12-27T22:22:51.865-0500 [TRACE] Config.VerifyDependencySelections: provider registry.opentofu.org/hashicorp/implied has no lock file entry to satisfy ""
2025-12-27T22:22:51.865-0500 [TRACE] Config.VerifyDependencySelections: provider tf.example.com/awesomecorp/happycloud has no lock file entry to satisfy ""
2025-12-27T22:22:51.865-0500 [TRACE] Config.VerifyDependencySelections: provider registry.opentofu.org/hashicorp/random has no lock file entry to satisfy "~> 1.2.0"
2025-12-27T22:22:51.865-0500 [TRACE] Config.VerifyDependencySelections: provider registry.opentofu.org/hashicorp/tls has no lock file entry to satisfy "~> 3.0"
=== RUN   TestVerifyDependencySelections/suitable_locks
2025-12-27T22:22:51.866-0500 [TRACE] Config.VerifyDependencySelections: provider registry.opentofu.org/hashicorp/random has 1.2.2 to satisfy "~> 1.2.0"
2025-12-27T22:22:51.866-0500 [TRACE] Config.VerifyDependencySelections: provider registry.opentofu.org/hashicorp/tls has 3.0.1 to satisfy "~> 3.0"
2025-12-27T22:22:51.866-0500 [TRACE] Config.VerifyDependencySelections: provider registry.opentofu.org/hashicorp/implied has 0.2.0 to satisfy ""
2025-12-27T22:22:51.866-0500 [TRACE] Config.VerifyDependencySelections: provider registry.opentofu.org/hashicorp/configured has 1.4.0 to satisfy "~> 1.4"
2025-12-27T22:22:51.866-0500 [TRACE] Config.VerifyDependencySelections: provider tf.example.com/awesomecorp/happycloud has 0.0.1 to satisfy ""
2025-12-27T22:22:51.866-0500 [TRACE] Config.VerifyDependencySelections: provider registry.opentofu.org/hashicorp/grandchild has 0.1.0 to satisfy ""
2025-12-27T22:22:51.866-0500 [TRACE] Config.VerifyDependencySelections: provider registry.opentofu.org/hashicorp/null has 2.0.1 to satisfy "~> 2.0.0, 2.0.1"
2025-12-27T22:22:51.866-0500 [TRACE] Config.VerifyDependencySelections: provider registry.opentofu.org/hashicorp/importimplied has 0.2.0 to satisfy ""
2025-12-27T22:22:51.866-0500 [TRACE] Config.VerifyDependencySelections: provider registry.opentofu.org/hashicorp/importexplicit has 0.2.0 to satisfy ""
=== RUN   TestVerifyDependencySelections/null_provider_constraints_changed
2025-12-27T22:22:51.866-0500 [TRACE] Config.VerifyDependencySelections: provider registry.opentofu.org/hashicorp/tls has 3.0.1 to satisfy "~> 3.0"
2025-12-27T22:22:51.866-0500 [TRACE] Config.VerifyDependencySelections: provider registry.opentofu.org/hashicorp/importimplied has 0.2.0 to satisfy ""
2025-12-27T22:22:51.866-0500 [TRACE] Config.VerifyDependencySelections: provider tf.example.com/awesomecorp/happycloud has 0.0.1 to satisfy ""
2025-12-27T22:22:51.866-0500 [TRACE] Config.VerifyDependencySelections: provider registry.opentofu.org/hashicorp/grandchild has 0.1.0 to satisfy ""
2025-12-27T22:22:51.866-0500 [TRACE] Config.VerifyDependencySelections: provider registry.opentofu.org/hashicorp/random has 1.2.2 to satisfy "~> 1.2.0"
2025-12-27T22:22:51.866-0500 [TRACE] Config.VerifyDependencySelections: provider registry.opentofu.org/hashicorp/null has 3.0.0 to satisfy "~> 2.0.0, 2.0.1"
2025-12-27T22:22:51.866-0500 [TRACE] Config.VerifyDependencySelections: provider registry.opentofu.org/hashicorp/implied has 0.2.0 to satisfy ""
2025-12-27T22:22:51.866-0500 [TRACE] Config.VerifyDependencySelections: provider registry.opentofu.org/hashicorp/importexplicit has 0.2.0 to satisfy ""
2025-12-27T22:22:51.866-0500 [TRACE] Config.VerifyDependencySelections: provider registry.opentofu.org/hashicorp/configured has 1.4.0 to satisfy "~> 1.4"
=== RUN   TestVerifyDependencySelections/null_provider_lock_changed
2025-12-27T22:22:51.866-0500 [TRACE] Config.VerifyDependencySelections: provider registry.opentofu.org/hashicorp/null has 3.0.0 to satisfy "~> 2.0.0, 2.0.1"
2025-12-27T22:22:51.866-0500 [TRACE] Config.VerifyDependencySelections: provider registry.opentofu.org/hashicorp/importimplied has 0.2.0 to satisfy ""
2025-12-27T22:22:51.866-0500 [TRACE] Config.VerifyDependencySelections: provider registry.opentofu.org/hashicorp/importexplicit has 0.2.0 to satisfy ""
2025-12-27T22:22:51.866-0500 [TRACE] Config.VerifyDependencySelections: provider registry.opentofu.org/hashicorp/configured has 1.4.0 to satisfy "~> 1.4"
2025-12-27T22:22:51.866-0500 [TRACE] Config.VerifyDependencySelections: provider registry.opentofu.org/hashicorp/grandchild has 0.1.0 to satisfy ""
2025-12-27T22:22:51.866-0500 [TRACE] Config.VerifyDependencySelections: provider registry.opentofu.org/hashicorp/random has 1.2.2 to satisfy "~> 1.2.0"
2025-12-27T22:22:51.866-0500 [TRACE] Config.VerifyDependencySelections: provider registry.opentofu.org/hashicorp/tls has 3.0.1 to satisfy "~> 3.0"
2025-12-27T22:22:51.866-0500 [TRACE] Config.VerifyDependencySelections: provider registry.opentofu.org/hashicorp/implied has 0.2.0 to satisfy ""
2025-12-27T22:22:51.866-0500 [TRACE] Config.VerifyDependencySelections: provider tf.example.com/awesomecorp/happycloud has 0.0.1 to satisfy ""
=== RUN   TestVerifyDependencySelections/overridden_provider
2025-12-27T22:22:51.866-0500 [TRACE] Config.VerifyDependencySelections: provider registry.opentofu.org/hashicorp/random has no lock file entry to satisfy "~> 1.2.0"
2025-12-27T22:22:51.866-0500 [TRACE] Config.VerifyDependencySelections: provider registry.opentofu.org/hashicorp/implied has no lock file entry to satisfy ""
2025-12-27T22:22:51.866-0500 [TRACE] Config.VerifyDependencySelections: provider registry.opentofu.org/hashicorp/importexplicit has no lock file entry to satisfy ""
2025-12-27T22:22:51.866-0500 [TRACE] Config.VerifyDependencySelections: provider registry.opentofu.org/hashicorp/configured has no lock file entry to satisfy "~> 1.4"
2025-12-27T22:22:51.866-0500 [TRACE] Config.VerifyDependencySelections: provider registry.opentofu.org/hashicorp/null has no lock file entry to satisfy "~> 2.0.0, 2.0.1"
2025-12-27T22:22:51.866-0500 [TRACE] Config.VerifyDependencySelections: provider registry.opentofu.org/hashicorp/tls has no lock file entry to satisfy "~> 3.0"
2025-12-27T22:22:51.866-0500 [TRACE] Config.VerifyDependencySelections: provider registry.opentofu.org/hashicorp/importimplied has no lock file entry to satisfy ""
2025-12-27T22:22:51.866-0500 [DEBUG] Config.VerifyDependencySelections: skipping tf.example.com/awesomecorp/happycloud because it's overridden by a special configuration setting
2025-12-27T22:22:51.866-0500 [TRACE] Config.VerifyDependencySelections: provider registry.opentofu.org/hashicorp/grandchild has no lock file entry to satisfy ""
--- PASS: TestVerifyDependencySelections (0.00s)
    --- PASS: TestVerifyDependencySelections/empty_locks (0.00s)
    --- PASS: TestVerifyDependencySelections/suitable_locks (0.00s)
    --- PASS: TestVerifyDependencySelections/null_provider_constraints_changed (0.00s)
    --- PASS: TestVerifyDependencySelections/null_provider_lock_changed (0.00s)
    --- PASS: TestVerifyDependencySelections/overridden_provider (0.00s)
=== RUN   TestConfigProviderForConfigAddr
--- PASS: TestConfigProviderForConfigAddr (0.00s)
=== RUN   TestConfigAddProviderRequirements
=== RUN   TestConfigAddProviderRequirements/registry.opentofu.org/hashicorp/aws
=== RUN   TestConfigAddProviderRequirements/registry.opentofu.org/hashicorp/null
=== RUN   TestConfigAddProviderRequirements/registry.opentofu.org/hashicorp/local
=== RUN   TestConfigAddProviderRequirements/registry.opentofu.org/hashicorp/template
--- PASS: TestConfigAddProviderRequirements (0.00s)
    --- PASS: TestConfigAddProviderRequirements/registry.opentofu.org/hashicorp/aws (0.00s)
    --- PASS: TestConfigAddProviderRequirements/registry.opentofu.org/hashicorp/null (0.00s)
    --- PASS: TestConfigAddProviderRequirements/registry.opentofu.org/hashicorp/local (0.00s)
    --- PASS: TestConfigAddProviderRequirements/registry.opentofu.org/hashicorp/template (0.00s)
=== RUN   TestConfigImportProviderClashesWithModules
--- PASS: TestConfigImportProviderClashesWithModules (0.00s)
=== RUN   TestConfigImportProviderClashesWithResources
--- PASS: TestConfigImportProviderClashesWithResources (0.00s)
=== RUN   TestConfigImportProviderWithNoResourceProvider
--- PASS: TestConfigImportProviderWithNoResourceProvider (0.00s)
=== RUN   TestConfigWithDeprecatedVariables
--- PASS: TestConfigWithDeprecatedVariables (0.00s)
=== RUN   TestTransformForTest
=== RUN   TestTransformForTest/subset_of_providers_in_test_file
=== RUN   TestTransformForTest/overrides_providers_in_config
=== RUN   TestTransformForTest/overrides_subset_of_providers_in_config
=== RUN   TestTransformForTest/handles_aliases
=== RUN   TestTransformForTest/empty
=== RUN   TestTransformForTest/only_providers_in_config
=== RUN   TestTransformForTest/only_providers_in_test_file
=== RUN   TestTransformForTest/only_providers_in_run_block
--- PASS: TestTransformForTest (0.00s)
    --- PASS: TestTransformForTest/subset_of_providers_in_test_file (0.00s)
    --- PASS: TestTransformForTest/overrides_providers_in_config (0.00s)
    --- PASS: TestTransformForTest/overrides_subset_of_providers_in_config (0.00s)
    --- PASS: TestTransformForTest/handles_aliases (0.00s)
    --- PASS: TestTransformForTest/empty (0.00s)
    --- PASS: TestTransformForTest/only_providers_in_config (0.00s)
    --- PASS: TestTransformForTest/only_providers_in_test_file (0.00s)
    --- PASS: TestTransformForTest/only_providers_in_run_block (0.00s)
=== RUN   TestIsCallFromRemote
=== RUN   TestIsCallFromRemote/from_git_repo
=== RUN   TestIsCallFromRemote/from_registry
=== RUN   TestIsCallFromRemote/from_local
--- PASS: TestIsCallFromRemote (0.00s)
    --- PASS: TestIsCallFromRemote/from_git_repo (0.00s)
    --- PASS: TestIsCallFromRemote/from_registry (0.00s)
    --- PASS: TestIsCallFromRemote/from_local (0.00s)
=== RUN   TestParseEphemeralBlocks
--- PASS: TestParseEphemeralBlocks (0.00s)
=== RUN   TestEscapingBlockResource
=== RUN   TestEscapingBlockResource/resource_body
=== RUN   TestEscapingBlockResource/provisioner_body
--- PASS: TestEscapingBlockResource (0.00s)
    --- PASS: TestEscapingBlockResource/resource_body (0.00s)
    --- PASS: TestEscapingBlockResource/provisioner_body (0.00s)
=== RUN   TestEscapingBlockData
--- PASS: TestEscapingBlockData (0.00s)
=== RUN   TestEscapingBlockModule
--- PASS: TestEscapingBlockModule (0.00s)
=== RUN   TestEscapingBlockProvider
--- PASS: TestEscapingBlockProvider (0.00s)
=== RUN   TestExperimentsConfig
=== RUN   TestExperimentsConfig/current
=== RUN   TestExperimentsConfig/concluded
=== RUN   TestExperimentsConfig/concluded#01
=== RUN   TestExperimentsConfig/invalid
=== RUN   TestExperimentsConfig/disallowed
--- PASS: TestExperimentsConfig (0.00s)
    --- PASS: TestExperimentsConfig/current (0.00s)
    --- PASS: TestExperimentsConfig/concluded (0.00s)
    --- PASS: TestExperimentsConfig/concluded#01 (0.00s)
    --- PASS: TestExperimentsConfig/invalid (0.00s)
    --- PASS: TestExperimentsConfig/disallowed (0.00s)
=== RUN   TestImportBlock_decode
=== RUN   TestImportBlock_decode/resource_inside_module
=== RUN   TestImportBlock_decode/dynamic_resource_index
=== RUN   TestImportBlock_decode/error:_missing_id_argument
=== RUN   TestImportBlock_decode/error:_missing_to_argument
=== RUN   TestImportBlock_decode/error:_invalid_import_address
=== RUN   TestImportBlock_decode/success
=== RUN   TestImportBlock_decode/indexed_resources
--- PASS: TestImportBlock_decode (0.00s)
    --- PASS: TestImportBlock_decode/resource_inside_module (0.00s)
    --- PASS: TestImportBlock_decode/dynamic_resource_index (0.00s)
    --- PASS: TestImportBlock_decode/error:_missing_id_argument (0.00s)
    --- PASS: TestImportBlock_decode/error:_missing_to_argument (0.00s)
    --- PASS: TestImportBlock_decode/error:_invalid_import_address (0.00s)
    --- PASS: TestImportBlock_decode/success (0.00s)
    --- PASS: TestImportBlock_decode/indexed_resources (0.00s)
=== RUN   TestLoadModuleCall
--- PASS: TestLoadModuleCall (0.00s)
=== RUN   TestModuleSourceAddrEntersNewPackage
=== RUN   TestModuleSourceAddrEntersNewPackage/./
=== RUN   TestModuleSourceAddrEntersNewPackage/../bork
=== RUN   TestModuleSourceAddrEntersNewPackage//absolute/path
=== RUN   TestModuleSourceAddrEntersNewPackage/github.com/example/foo
=== RUN   TestModuleSourceAddrEntersNewPackage/hashicorp/subnets/cidr
=== RUN   TestModuleSourceAddrEntersNewPackage/registry.opentofu.org/hashicorp/subnets/cidr
--- PASS: TestModuleSourceAddrEntersNewPackage (0.00s)
    --- PASS: TestModuleSourceAddrEntersNewPackage/./ (0.00s)
    --- PASS: TestModuleSourceAddrEntersNewPackage/../bork (0.00s)
    --- PASS: TestModuleSourceAddrEntersNewPackage//absolute/path (0.00s)
    --- PASS: TestModuleSourceAddrEntersNewPackage/github.com/example/foo (0.00s)
    --- PASS: TestModuleSourceAddrEntersNewPackage/hashicorp/subnets/cidr (0.00s)
    --- PASS: TestModuleSourceAddrEntersNewPackage/registry.opentofu.org/hashicorp/subnets/cidr (0.00s)
=== RUN   TestModuleCallWithVersion
--- PASS: TestModuleCallWithVersion (0.00s)
=== RUN   TestModuleOverrideVariable
--- PASS: TestModuleOverrideVariable (0.00s)
=== RUN   TestModuleOverrideOutput
--- PASS: TestModuleOverrideOutput (0.00s)
=== RUN   TestModuleOverrideModule
--- PASS: TestModuleOverrideModule (0.00s)
=== RUN   TestModuleOverrideDynamic
=== RUN   TestModuleOverrideDynamic/base_is_dynamic
=== RUN   TestModuleOverrideDynamic/override_is_dynamic
--- PASS: TestModuleOverrideDynamic (0.00s)
    --- PASS: TestModuleOverrideDynamic/base_is_dynamic (0.00s)
    --- PASS: TestModuleOverrideDynamic/override_is_dynamic (0.00s)
=== RUN   TestModuleOverrideSensitiveVariable
=== RUN   TestModuleOverrideSensitiveVariable/variable_false_true
=== RUN   TestModuleOverrideSensitiveVariable/variable_true_false
=== RUN   TestModuleOverrideSensitiveVariable/variable_false_false_true
=== RUN   TestModuleOverrideSensitiveVariable/variable_true_true_false
=== RUN   TestModuleOverrideSensitiveVariable/variable_false_true_false
=== RUN   TestModuleOverrideSensitiveVariable/variable_true_false_true
--- PASS: TestModuleOverrideSensitiveVariable (0.00s)
    --- PASS: TestModuleOverrideSensitiveVariable/variable_false_true (0.00s)
    --- PASS: TestModuleOverrideSensitiveVariable/variable_true_false (0.00s)
    --- PASS: TestModuleOverrideSensitiveVariable/variable_false_false_true (0.00s)
    --- PASS: TestModuleOverrideSensitiveVariable/variable_true_true_false (0.00s)
    --- PASS: TestModuleOverrideSensitiveVariable/variable_false_true_false (0.00s)
    --- PASS: TestModuleOverrideSensitiveVariable/variable_true_false_true (0.00s)
=== RUN   TestModuleOverrideEphemeralVariable
=== RUN   TestModuleOverrideEphemeralVariable/variable_false_true
=== RUN   TestModuleOverrideEphemeralVariable/variable_true_false
=== RUN   TestModuleOverrideEphemeralVariable/variable_false_false_true
=== RUN   TestModuleOverrideEphemeralVariable/variable_true_true_false
=== RUN   TestModuleOverrideEphemeralVariable/variable_false_true_false
=== RUN   TestModuleOverrideEphemeralVariable/variable_true_false_true
--- PASS: TestModuleOverrideEphemeralVariable (0.00s)
    --- PASS: TestModuleOverrideEphemeralVariable/variable_false_true (0.00s)
    --- PASS: TestModuleOverrideEphemeralVariable/variable_true_false (0.00s)
    --- PASS: TestModuleOverrideEphemeralVariable/variable_false_false_true (0.00s)
    --- PASS: TestModuleOverrideEphemeralVariable/variable_true_true_false (0.00s)
    --- PASS: TestModuleOverrideEphemeralVariable/variable_false_true_false (0.00s)
    --- PASS: TestModuleOverrideEphemeralVariable/variable_true_false_true (0.00s)
=== RUN   TestModuleOverrideResourceFQNs
--- PASS: TestModuleOverrideResourceFQNs (0.00s)
=== RUN   TestModuleOverrideIgnoreAllChanges
--- PASS: TestModuleOverrideIgnoreAllChanges (0.00s)
=== RUN   TestNewModule_provider_local_name
--- PASS: TestNewModule_provider_local_name (0.00s)
=== RUN   TestNewModule_resource_providers
--- PASS: TestNewModule_resource_providers (0.00s)
=== RUN   TestProviderForLocalConfig
--- PASS: TestProviderForLocalConfig (0.00s)
=== RUN   TestModule_required_providers_multiple
--- PASS: TestModule_required_providers_multiple (0.00s)
=== RUN   TestModule_required_providers_after_resource
--- PASS: TestModule_required_providers_after_resource (0.00s)
=== RUN   TestModule_required_provider_overrides
--- PASS: TestModule_required_provider_overrides (0.00s)
=== RUN   TestModule_required_providers_multiple_one_with_syntax_error
--- PASS: TestModule_required_providers_multiple_one_with_syntax_error (0.00s)
=== RUN   TestModule_implied_provider
--- PASS: TestModule_implied_provider (0.00s)
=== RUN   TestImpliedProviderForUnqualifiedType
--- PASS: TestImpliedProviderForUnqualifiedType (0.00s)
=== RUN   TestModule_backend_override
--- PASS: TestModule_backend_override (0.00s)
=== RUN   TestModule_backend_override_no_base
--- PASS: TestModule_backend_override_no_base (0.00s)
=== RUN   TestModule_cloud_override_backend
--- PASS: TestModule_cloud_override_backend (0.00s)
=== RUN   TestModule_cloud_override_no_base
--- PASS: TestModule_cloud_override_no_base (0.00s)
=== RUN   TestModule_cloud_override
--- PASS: TestModule_cloud_override (0.00s)
=== RUN   TestModule_cloud_duplicate_overrides
--- PASS: TestModule_cloud_duplicate_overrides (0.00s)
=== RUN   TestResourceByAddr
--- PASS: TestResourceByAddr (0.00s)
=== RUN   TestMovedBlock_decode
=== RUN   TestMovedBlock_decode/modules
=== RUN   TestMovedBlock_decode/error:_missing_argument
=== RUN   TestMovedBlock_decode/error:_type_mismatch
=== RUN   TestMovedBlock_decode/error:_ephemeral_not_allowed
=== RUN   TestMovedBlock_decode/success
=== RUN   TestMovedBlock_decode/indexed_resources
--- PASS: TestMovedBlock_decode (0.00s)
    --- PASS: TestMovedBlock_decode/modules (0.00s)
    --- PASS: TestMovedBlock_decode/error:_missing_argument (0.00s)
    --- PASS: TestMovedBlock_decode/error:_type_mismatch (0.00s)
    --- PASS: TestMovedBlock_decode/error:_ephemeral_not_allowed (0.00s)
    --- PASS: TestMovedBlock_decode/success (0.00s)
    --- PASS: TestMovedBlock_decode/indexed_resources (0.00s)
=== RUN   TestMovedBlock_inModule
--- PASS: TestMovedBlock_inModule (0.00s)
=== RUN   TestParserLoadConfigDirSuccess
=== RUN   TestParserLoadConfigDirSuccess/empty
=== RUN   TestParserLoadConfigDirSuccess/implied-providers
=== RUN   TestParserLoadConfigDirSuccess/importable-resource
=== RUN   TestParserLoadConfigDirSuccess/moved-blocks
=== RUN   TestParserLoadConfigDirSuccess/nested-providers-fqns
=== RUN   TestParserLoadConfigDirSuccess/override-backend
=== RUN   TestParserLoadConfigDirSuccess/override-backend-no-base
=== RUN   TestParserLoadConfigDirSuccess/override-backend-with-cloud
=== RUN   TestParserLoadConfigDirSuccess/override-cloud
=== RUN   TestParserLoadConfigDirSuccess/override-cloud-no-base
=== RUN   TestParserLoadConfigDirSuccess/override-dynamic-block-base
=== RUN   TestParserLoadConfigDirSuccess/override-dynamic-block-override
=== RUN   TestParserLoadConfigDirSuccess/override-ignore-changes
=== RUN   TestParserLoadConfigDirSuccess/override-module
=== RUN   TestParserLoadConfigDirSuccess/override-output
=== RUN   TestParserLoadConfigDirSuccess/override-output-sensitive
=== RUN   TestParserLoadConfigDirSuccess/override-resource-provider
=== RUN   TestParserLoadConfigDirSuccess/override-variable
=== RUN   TestParserLoadConfigDirSuccess/override-variable-ephemeral
=== RUN   TestParserLoadConfigDirSuccess/override-variable-sensitive
=== RUN   TestParserLoadConfigDirSuccess/provider-aliases
=== RUN   TestParserLoadConfigDirSuccess/provider-meta
=== RUN   TestParserLoadConfigDirSuccess/providers-fqns
=== RUN   TestParserLoadConfigDirSuccess/removed-blocks
=== RUN   TestParserLoadConfigDirSuccess/required-providers-after-resource
=== RUN   TestParserLoadConfigDirSuccess/required-providers-overrides
=== RUN   TestParserLoadConfigDirSuccess/with-tests
=== RUN   TestParserLoadConfigDirSuccess/with-tests-expect-failures
=== RUN   TestParserLoadConfigDirSuccess/with-tests-json
=== RUN   TestParserLoadConfigDirSuccess/with-tests-module
=== RUN   TestParserLoadConfigDirSuccess/with-tests-nested
=== RUN   TestParserLoadConfigDirSuccess/with-tests-nested-module
=== RUN   TestParserLoadConfigDirSuccess/with-tests-very-nested
=== RUN   TestParserLoadConfigDirSuccess/backend.tf
=== RUN   TestParserLoadConfigDirSuccess/cloud.tf
=== RUN   TestParserLoadConfigDirSuccess/data-sources.tf
=== RUN   TestParserLoadConfigDirSuccess/empty.tf
=== RUN   TestParserLoadConfigDirSuccess/empty.tf.json
=== RUN   TestParserLoadConfigDirSuccess/locals.tf
=== RUN   TestParserLoadConfigDirSuccess/locals.tf.json
=== RUN   TestParserLoadConfigDirSuccess/modules-with-version.tf
=== RUN   TestParserLoadConfigDirSuccess/object-optional-attrs.tf
=== RUN   TestParserLoadConfigDirSuccess/outputs.tf
=== RUN   TestParserLoadConfigDirSuccess/preconditions-postconditions.tf
=== RUN   TestParserLoadConfigDirSuccess/provider-configs.tf
=== RUN   TestParserLoadConfigDirSuccess/providers-explicit-implied.tf
=== RUN   TestParserLoadConfigDirSuccess/refactoring.tf
=== RUN   TestParserLoadConfigDirSuccess/references.tf.json
=== RUN   TestParserLoadConfigDirSuccess/required-providers.tf
=== RUN   TestParserLoadConfigDirSuccess/required-version.tf
=== RUN   TestParserLoadConfigDirSuccess/resources-ignorechanges-all.tf
=== RUN   TestParserLoadConfigDirSuccess/resources-ignorechanges-all.tf.json
=== RUN   TestParserLoadConfigDirSuccess/resources.tf
=== RUN   TestParserLoadConfigDirSuccess/resources.tf.json
=== RUN   TestParserLoadConfigDirSuccess/valid-language-edition.tf
=== RUN   TestParserLoadConfigDirSuccess/variable_validation.tf
=== RUN   TestParserLoadConfigDirSuccess/variables.tf
=== RUN   TestParserLoadConfigDirSuccess/variables.tf.json
=== RUN   TestParserLoadConfigDirSuccess/version-variable.tf
--- PASS: TestParserLoadConfigDirSuccess (0.01s)
    --- PASS: TestParserLoadConfigDirSuccess/empty (0.00s)
    --- PASS: TestParserLoadConfigDirSuccess/implied-providers (0.00s)
    --- PASS: TestParserLoadConfigDirSuccess/importable-resource (0.00s)
    --- PASS: TestParserLoadConfigDirSuccess/moved-blocks (0.00s)
    --- PASS: TestParserLoadConfigDirSuccess/nested-providers-fqns (0.00s)
    --- PASS: TestParserLoadConfigDirSuccess/override-backend (0.00s)
    --- PASS: TestParserLoadConfigDirSuccess/override-backend-no-base (0.00s)
    --- PASS: TestParserLoadConfigDirSuccess/override-backend-with-cloud (0.00s)
    --- PASS: TestParserLoadConfigDirSuccess/override-cloud (0.00s)
    --- PASS: TestParserLoadConfigDirSuccess/override-cloud-no-base (0.00s)
    --- PASS: TestParserLoadConfigDirSuccess/override-dynamic-block-base (0.00s)
    --- PASS: TestParserLoadConfigDirSuccess/override-dynamic-block-override (0.00s)
    --- PASS: TestParserLoadConfigDirSuccess/override-ignore-changes (0.00s)
    --- PASS: TestParserLoadConfigDirSuccess/override-module (0.00s)
    --- PASS: TestParserLoadConfigDirSuccess/override-output (0.00s)
    --- PASS: TestParserLoadConfigDirSuccess/override-output-sensitive (0.00s)
    --- PASS: TestParserLoadConfigDirSuccess/override-resource-provider (0.00s)
    --- PASS: TestParserLoadConfigDirSuccess/override-variable (0.00s)
    --- PASS: TestParserLoadConfigDirSuccess/override-variable-ephemeral (0.00s)
    --- PASS: TestParserLoadConfigDirSuccess/override-variable-sensitive (0.00s)
    --- PASS: TestParserLoadConfigDirSuccess/provider-aliases (0.00s)
    --- PASS: TestParserLoadConfigDirSuccess/provider-meta (0.00s)
    --- PASS: TestParserLoadConfigDirSuccess/providers-fqns (0.00s)
    --- PASS: TestParserLoadConfigDirSuccess/removed-blocks (0.00s)
    --- PASS: TestParserLoadConfigDirSuccess/required-providers-after-resource (0.00s)
    --- PASS: TestParserLoadConfigDirSuccess/required-providers-overrides (0.00s)
    --- PASS: TestParserLoadConfigDirSuccess/with-tests (0.00s)
    --- PASS: TestParserLoadConfigDirSuccess/with-tests-expect-failures (0.00s)
    --- PASS: TestParserLoadConfigDirSuccess/with-tests-json (0.00s)
    --- PASS: TestParserLoadConfigDirSuccess/with-tests-module (0.00s)
    --- PASS: TestParserLoadConfigDirSuccess/with-tests-nested (0.00s)
    --- PASS: TestParserLoadConfigDirSuccess/with-tests-nested-module (0.00s)
    --- PASS: TestParserLoadConfigDirSuccess/with-tests-very-nested (0.00s)
    --- PASS: TestParserLoadConfigDirSuccess/backend.tf (0.00s)
    --- PASS: TestParserLoadConfigDirSuccess/cloud.tf (0.00s)
    --- PASS: TestParserLoadConfigDirSuccess/data-sources.tf (0.00s)
    --- PASS: TestParserLoadConfigDirSuccess/empty.tf (0.00s)
    --- PASS: TestParserLoadConfigDirSuccess/empty.tf.json (0.00s)
    --- PASS: TestParserLoadConfigDirSuccess/locals.tf (0.00s)
    --- PASS: TestParserLoadConfigDirSuccess/locals.tf.json (0.00s)
    --- PASS: TestParserLoadConfigDirSuccess/modules-with-version.tf (0.00s)
    --- PASS: TestParserLoadConfigDirSuccess/object-optional-attrs.tf (0.00s)
    --- PASS: TestParserLoadConfigDirSuccess/outputs.tf (0.00s)
    --- PASS: TestParserLoadConfigDirSuccess/preconditions-postconditions.tf (0.00s)
    --- PASS: TestParserLoadConfigDirSuccess/provider-configs.tf (0.00s)
    --- PASS: TestParserLoadConfigDirSuccess/providers-explicit-implied.tf (0.00s)
    --- PASS: TestParserLoadConfigDirSuccess/refactoring.tf (0.00s)
    --- PASS: TestParserLoadConfigDirSuccess/references.tf.json (0.00s)
    --- PASS: TestParserLoadConfigDirSuccess/required-providers.tf (0.00s)
    --- PASS: TestParserLoadConfigDirSuccess/required-version.tf (0.00s)
    --- PASS: TestParserLoadConfigDirSuccess/resources-ignorechanges-all.tf (0.00s)
    --- PASS: TestParserLoadConfigDirSuccess/resources-ignorechanges-all.tf.json (0.00s)
    --- PASS: TestParserLoadConfigDirSuccess/resources.tf (0.00s)
    --- PASS: TestParserLoadConfigDirSuccess/resources.tf.json (0.00s)
    --- PASS: TestParserLoadConfigDirSuccess/valid-language-edition.tf (0.00s)
    --- PASS: TestParserLoadConfigDirSuccess/variable_validation.tf (0.00s)
    --- PASS: TestParserLoadConfigDirSuccess/variables.tf (0.00s)
    --- PASS: TestParserLoadConfigDirSuccess/variables.tf.json (0.00s)
    --- PASS: TestParserLoadConfigDirSuccess/version-variable.tf (0.00s)
=== RUN   TestParserLoadConfigDirWithTests
=== RUN   TestParserLoadConfigDirWithTests/testdata/valid-modules/with-tests
=== RUN   TestParserLoadConfigDirWithTests/testdata/valid-modules/with-tests-expect-failures
=== RUN   TestParserLoadConfigDirWithTests/testdata/valid-modules/with-tests-nested
=== RUN   TestParserLoadConfigDirWithTests/testdata/valid-modules/with-tests-very-nested
=== RUN   TestParserLoadConfigDirWithTests/testdata/valid-modules/with-tests-json
--- PASS: TestParserLoadConfigDirWithTests (0.00s)
    --- PASS: TestParserLoadConfigDirWithTests/testdata/valid-modules/with-tests (0.00s)
    --- PASS: TestParserLoadConfigDirWithTests/testdata/valid-modules/with-tests-expect-failures (0.00s)
    --- PASS: TestParserLoadConfigDirWithTests/testdata/valid-modules/with-tests-nested (0.00s)
    --- PASS: TestParserLoadConfigDirWithTests/testdata/valid-modules/with-tests-very-nested (0.00s)
    --- PASS: TestParserLoadConfigDirWithTests/testdata/valid-modules/with-tests-json (0.00s)
=== RUN   TestParserLoadConfigDirWithTests_ReturnsWarnings
--- PASS: TestParserLoadConfigDirWithTests_ReturnsWarnings (0.00s)
=== RUN   TestParserLoadConfigDirFailure
=== RUN   TestParserLoadConfigDirFailure/multiple-required-providers
=== RUN   TestParserLoadConfigDirFailure/multiple-required-providers-with-syntax-error
=== RUN   TestParserLoadConfigDirFailure/nullable-with-default-null
=== RUN   TestParserLoadConfigDirFailure/override-cloud-duplicates
=== RUN   TestParserLoadConfigDirFailure/override-nonexist-variable
=== RUN   TestParserLoadConfigDirFailure/override-variable-causes-bad-default
=== RUN   TestParserLoadConfigDirFailure/provider-meta-invalid-interpolation
=== RUN   TestParserLoadConfigDirFailure/provider-meta-invalid-name
=== RUN   TestParserLoadConfigDirFailure/data-count-and-for_each-and-enabled.tf_as_module
=== RUN   TestParserLoadConfigDirFailure/data-count-and-for_each.tf_as_module
=== RUN   TestParserLoadConfigDirFailure/data-invalid-provider-reference.tf_as_module
=== RUN   TestParserLoadConfigDirFailure/data-reserved-locals.tf_as_module
=== RUN   TestParserLoadConfigDirFailure/data-resource-lifecycle.tf_as_module
=== RUN   TestParserLoadConfigDirFailure/empty-deprecated-output-attr.tf_as_module
=== RUN   TestParserLoadConfigDirFailure/ephemeral-count-and-for_each-and-enabled.tf_as_module
=== RUN   TestParserLoadConfigDirFailure/everything-is-a-plan.tf_as_module
=== RUN   TestParserLoadConfigDirFailure/interp-in-data-label.tf_as_module
=== RUN   TestParserLoadConfigDirFailure/interp-in-rsrc-label.tf_as_module
=== RUN   TestParserLoadConfigDirFailure/json-as-native-syntax.tf_as_module
=== RUN   TestParserLoadConfigDirFailure/module-calls.tf_as_module
=== RUN   TestParserLoadConfigDirFailure/native-syntax-as-json.tf.json_as_module
=== RUN   TestParserLoadConfigDirFailure/precondition-postcondition-badref.tf_as_module
=== RUN   TestParserLoadConfigDirFailure/precondition-postcondition-missing-condition.tf_as_module
=== RUN   TestParserLoadConfigDirFailure/provider-localname-normalization.tf_as_module
=== RUN   TestParserLoadConfigDirFailure/provider-reserved.tf_as_module
=== RUN   TestParserLoadConfigDirFailure/provider-syntax.tf_as_module
=== RUN   TestParserLoadConfigDirFailure/resource-count-and-for_each-and-enabled.tf_as_module
=== RUN   TestParserLoadConfigDirFailure/resource-count-and-for_each.tf_as_module
=== RUN   TestParserLoadConfigDirFailure/resource-invalid-provider-reference.tf_as_module
=== RUN   TestParserLoadConfigDirFailure/resource-lifecycle-badbool.tf_as_module
=== RUN   TestParserLoadConfigDirFailure/resource-name-invalid.tf_as_module
=== RUN   TestParserLoadConfigDirFailure/resource-reserved-locals.tf_as_module
=== RUN   TestParserLoadConfigDirFailure/resources-ignorechanges-all-legacymix.tf_as_module
=== RUN   TestParserLoadConfigDirFailure/triggered-invalid-each.tf_as_module
=== RUN   TestParserLoadConfigDirFailure/triggered-invalid-expression.tf_as_module
=== RUN   TestParserLoadConfigDirFailure/unexpected-attr.tf_as_module
=== RUN   TestParserLoadConfigDirFailure/unexpected-block.tf_as_module
=== RUN   TestParserLoadConfigDirFailure/variable-bad-default.tf_as_module
=== RUN   TestParserLoadConfigDirFailure/variable-bad-sensitive.tf_as_module
=== RUN   TestParserLoadConfigDirFailure/variable-complex-bad-default-inner-obj.tf_as_module
=== RUN   TestParserLoadConfigDirFailure/variable-type-unknown.tf_as_module
=== RUN   TestParserLoadConfigDirFailure/variable-validation-condition-noref.tf_as_module
=== RUN   TestParserLoadConfigDirFailure/zerolen.tf.json_as_module
--- PASS: TestParserLoadConfigDirFailure (0.01s)
    --- PASS: TestParserLoadConfigDirFailure/multiple-required-providers (0.00s)
    --- PASS: TestParserLoadConfigDirFailure/multiple-required-providers-with-syntax-error (0.00s)
    --- PASS: TestParserLoadConfigDirFailure/nullable-with-default-null (0.00s)
    --- PASS: TestParserLoadConfigDirFailure/override-cloud-duplicates (0.00s)
    --- PASS: TestParserLoadConfigDirFailure/override-nonexist-variable (0.00s)
    --- PASS: TestParserLoadConfigDirFailure/override-variable-causes-bad-default (0.00s)
    --- PASS: TestParserLoadConfigDirFailure/provider-meta-invalid-interpolation (0.00s)
    --- PASS: TestParserLoadConfigDirFailure/provider-meta-invalid-name (0.00s)
    --- PASS: TestParserLoadConfigDirFailure/data-count-and-for_each-and-enabled.tf_as_module (0.00s)
    --- PASS: TestParserLoadConfigDirFailure/data-count-and-for_each.tf_as_module (0.00s)
    --- PASS: TestParserLoadConfigDirFailure/data-invalid-provider-reference.tf_as_module (0.00s)
    --- PASS: TestParserLoadConfigDirFailure/data-reserved-locals.tf_as_module (0.00s)
    --- PASS: TestParserLoadConfigDirFailure/data-resource-lifecycle.tf_as_module (0.00s)
    --- PASS: TestParserLoadConfigDirFailure/empty-deprecated-output-attr.tf_as_module (0.00s)
    --- PASS: TestParserLoadConfigDirFailure/ephemeral-count-and-for_each-and-enabled.tf_as_module (0.00s)
    --- PASS: TestParserLoadConfigDirFailure/everything-is-a-plan.tf_as_module (0.00s)
    --- PASS: TestParserLoadConfigDirFailure/interp-in-data-label.tf_as_module (0.00s)
    --- PASS: TestParserLoadConfigDirFailure/interp-in-rsrc-label.tf_as_module (0.00s)
    --- PASS: TestParserLoadConfigDirFailure/json-as-native-syntax.tf_as_module (0.00s)
    --- PASS: TestParserLoadConfigDirFailure/module-calls.tf_as_module (0.00s)
    --- PASS: TestParserLoadConfigDirFailure/native-syntax-as-json.tf.json_as_module (0.00s)
    --- PASS: TestParserLoadConfigDirFailure/precondition-postcondition-badref.tf_as_module (0.00s)
    --- PASS: TestParserLoadConfigDirFailure/precondition-postcondition-missing-condition.tf_as_module (0.00s)
    --- PASS: TestParserLoadConfigDirFailure/provider-localname-normalization.tf_as_module (0.00s)
    --- PASS: TestParserLoadConfigDirFailure/provider-reserved.tf_as_module (0.00s)
    --- PASS: TestParserLoadConfigDirFailure/provider-syntax.tf_as_module (0.00s)
    --- PASS: TestParserLoadConfigDirFailure/resource-count-and-for_each-and-enabled.tf_as_module (0.00s)
    --- PASS: TestParserLoadConfigDirFailure/resource-count-and-for_each.tf_as_module (0.00s)
    --- PASS: TestParserLoadConfigDirFailure/resource-invalid-provider-reference.tf_as_module (0.00s)
    --- PASS: TestParserLoadConfigDirFailure/resource-lifecycle-badbool.tf_as_module (0.00s)
    --- PASS: TestParserLoadConfigDirFailure/resource-name-invalid.tf_as_module (0.00s)
    --- PASS: TestParserLoadConfigDirFailure/resource-reserved-locals.tf_as_module (0.00s)
    --- PASS: TestParserLoadConfigDirFailure/resources-ignorechanges-all-legacymix.tf_as_module (0.00s)
    --- PASS: TestParserLoadConfigDirFailure/triggered-invalid-each.tf_as_module (0.00s)
    --- PASS: TestParserLoadConfigDirFailure/triggered-invalid-expression.tf_as_module (0.00s)
    --- PASS: TestParserLoadConfigDirFailure/unexpected-attr.tf_as_module (0.00s)
    --- PASS: TestParserLoadConfigDirFailure/unexpected-block.tf_as_module (0.00s)
    --- PASS: TestParserLoadConfigDirFailure/variable-bad-default.tf_as_module (0.00s)
    --- PASS: TestParserLoadConfigDirFailure/variable-bad-sensitive.tf_as_module (0.00s)
    --- PASS: TestParserLoadConfigDirFailure/variable-complex-bad-default-inner-obj.tf_as_module (0.00s)
    --- PASS: TestParserLoadConfigDirFailure/variable-type-unknown.tf_as_module (0.00s)
    --- PASS: TestParserLoadConfigDirFailure/variable-validation-condition-noref.tf_as_module (0.00s)
    --- PASS: TestParserLoadConfigDirFailure/zerolen.tf.json_as_module (0.00s)
=== RUN   TestParserLoadConfigDirWithTests_TofuFiles
=== RUN   TestParserLoadConfigDirWithTests_TofuFiles/only_.farseek_files
=== RUN   TestParserLoadConfigDirWithTests_TofuFiles/.farseek_and_.tf_files
2025-12-27T22:22:51.904-0500 [INFO]  filterTfPathsWithFarseekAlternatives: Ignored the following .tf files because a .farseek file alternative exists: ["testdata/farseek-and-tf-files/resources.tf" "testdata/farseek-and-tf-files/resources.tf.json"]
2025-12-27T22:22:51.904-0500 [INFO]  filterTfPathsWithFarseekAlternatives: Ignored the following .tf files because a .farseek file alternative exists: ["testdata/farseek-and-tf-files/variables_override.tf" "testdata/farseek-and-tf-files/variables_override.tf.json"]
2025-12-27T22:22:51.904-0500 [INFO]  filterTfPathsWithFarseekAlternatives: Ignored the following .tf files because a .farseek file alternative exists: ["testdata/farseek-and-tf-files/test/resources_test.tftest.hcl" "testdata/farseek-and-tf-files/test/resources_test_json.tftest.json"]
--- PASS: TestParserLoadConfigDirWithTests_TofuFiles (0.00s)
    --- PASS: TestParserLoadConfigDirWithTests_TofuFiles/only_.farseek_files (0.00s)
    --- PASS: TestParserLoadConfigDirWithTests_TofuFiles/.farseek_and_.tf_files (0.00s)
=== RUN   TestIsEmptyDir
--- PASS: TestIsEmptyDir (0.00s)
=== RUN   TestIsEmptyDir_noExist
--- PASS: TestIsEmptyDir_noExist (0.00s)
=== RUN   TestIsEmptyDir_noConfigs
--- PASS: TestIsEmptyDir_noConfigs (0.00s)
=== RUN   TestParserLoadConfigFileSuccess
=== RUN   TestParserLoadConfigFileSuccess/backend.tf
=== RUN   TestParserLoadConfigFileSuccess/cloud.tf
=== RUN   TestParserLoadConfigFileSuccess/data-sources.tf
=== RUN   TestParserLoadConfigFileSuccess/empty.tf
=== RUN   TestParserLoadConfigFileSuccess/empty.tf.json
=== RUN   TestParserLoadConfigFileSuccess/locals.tf
=== RUN   TestParserLoadConfigFileSuccess/locals.tf.json
=== RUN   TestParserLoadConfigFileSuccess/modules-with-version.tf
=== RUN   TestParserLoadConfigFileSuccess/object-optional-attrs.tf
=== RUN   TestParserLoadConfigFileSuccess/outputs.tf
=== RUN   TestParserLoadConfigFileSuccess/preconditions-postconditions.tf
=== RUN   TestParserLoadConfigFileSuccess/provider-configs.tf
=== RUN   TestParserLoadConfigFileSuccess/providers-explicit-implied.tf
=== RUN   TestParserLoadConfigFileSuccess/refactoring.tf
=== RUN   TestParserLoadConfigFileSuccess/references.tf.json
=== RUN   TestParserLoadConfigFileSuccess/required-providers.tf
=== RUN   TestParserLoadConfigFileSuccess/required-version.tf
=== RUN   TestParserLoadConfigFileSuccess/resources-ignorechanges-all.tf
=== RUN   TestParserLoadConfigFileSuccess/resources-ignorechanges-all.tf.json
=== RUN   TestParserLoadConfigFileSuccess/resources.tf
=== RUN   TestParserLoadConfigFileSuccess/resources.tf.json
=== RUN   TestParserLoadConfigFileSuccess/valid-language-edition.tf
=== RUN   TestParserLoadConfigFileSuccess/variable_validation.tf
=== RUN   TestParserLoadConfigFileSuccess/variables.tf
=== RUN   TestParserLoadConfigFileSuccess/variables.tf.json
=== RUN   TestParserLoadConfigFileSuccess/version-variable.tf
--- PASS: TestParserLoadConfigFileSuccess (0.00s)
    --- PASS: TestParserLoadConfigFileSuccess/backend.tf (0.00s)
    --- PASS: TestParserLoadConfigFileSuccess/cloud.tf (0.00s)
    --- PASS: TestParserLoadConfigFileSuccess/data-sources.tf (0.00s)
    --- PASS: TestParserLoadConfigFileSuccess/empty.tf (0.00s)
    --- PASS: TestParserLoadConfigFileSuccess/empty.tf.json (0.00s)
    --- PASS: TestParserLoadConfigFileSuccess/locals.tf (0.00s)
    --- PASS: TestParserLoadConfigFileSuccess/locals.tf.json (0.00s)
    --- PASS: TestParserLoadConfigFileSuccess/modules-with-version.tf (0.00s)
    --- PASS: TestParserLoadConfigFileSuccess/object-optional-attrs.tf (0.00s)
    --- PASS: TestParserLoadConfigFileSuccess/outputs.tf (0.00s)
    --- PASS: TestParserLoadConfigFileSuccess/preconditions-postconditions.tf (0.00s)
    --- PASS: TestParserLoadConfigFileSuccess/provider-configs.tf (0.00s)
    --- PASS: TestParserLoadConfigFileSuccess/providers-explicit-implied.tf (0.00s)
    --- PASS: TestParserLoadConfigFileSuccess/refactoring.tf (0.00s)
    --- PASS: TestParserLoadConfigFileSuccess/references.tf.json (0.00s)
    --- PASS: TestParserLoadConfigFileSuccess/required-providers.tf (0.00s)
    --- PASS: TestParserLoadConfigFileSuccess/required-version.tf (0.00s)
    --- PASS: TestParserLoadConfigFileSuccess/resources-ignorechanges-all.tf (0.00s)
    --- PASS: TestParserLoadConfigFileSuccess/resources-ignorechanges-all.tf.json (0.00s)
    --- PASS: TestParserLoadConfigFileSuccess/resources.tf (0.00s)
    --- PASS: TestParserLoadConfigFileSuccess/resources.tf.json (0.00s)
    --- PASS: TestParserLoadConfigFileSuccess/valid-language-edition.tf (0.00s)
    --- PASS: TestParserLoadConfigFileSuccess/variable_validation.tf (0.00s)
    --- PASS: TestParserLoadConfigFileSuccess/variables.tf (0.00s)
    --- PASS: TestParserLoadConfigFileSuccess/variables.tf.json (0.00s)
    --- PASS: TestParserLoadConfigFileSuccess/version-variable.tf (0.00s)
=== RUN   TestParserLoadConfigFileFailure
=== RUN   TestParserLoadConfigFileFailure/data-count-and-for_each-and-enabled.tf
    parser_config_test.go:87: - data-count-and-for_each-and-enabled.tf:3,5-6,11: Invalid combination of "count", "enabled", and "for_each"; The "count", "enabled", and "for_each" meta-arguments are mutually-exclusive. Only one may be used to be explicit about the number of data sources to be created.
=== RUN   TestParserLoadConfigFileFailure/data-count-and-for_each.tf
    parser_config_test.go:87: - data-count-and-for_each.tf:2,3-3,11: Invalid combination of "count" and "for_each"; The "count" and "for_each" meta-arguments are mutually-exclusive. Only one may be used to be explicit about the number of data sources to be created.
=== RUN   TestParserLoadConfigFileFailure/data-invalid-provider-reference.tf
    parser_config_test.go:87: - data-invalid-provider-reference.tf:2,14-21: Invalid provider local name; my_test is an invalid provider local name: must contain only letters, digits, and dashes, and may not use leading or trailing dashes
=== RUN   TestParserLoadConfigFileFailure/data-reserved-locals.tf
    parser_config_test.go:87: - data-reserved-locals.tf:2,3-9: Reserved block type name in data block; The block type name "locals" is reserved for use by Farseek in a future version.
=== RUN   TestParserLoadConfigFileFailure/data-resource-lifecycle.tf
    parser_config_test.go:87: - data-resource-lifecycle.tf:5,5-19: Invalid data resource lifecycle argument; The lifecycle argument "ignore_changes" is defined only for managed resources ("resource" blocks), and is not valid for data resources.
=== RUN   TestParserLoadConfigFileFailure/empty-deprecated-output-attr.tf
    parser_config_test.go:87: - empty-deprecated-output-attr.tf:3,16-18: Invalid `deprecated` attribute; The "deprecated" argument must not be empty, and should provide instructions on how to migrate away from usage of this deprecated output value.
=== RUN   TestParserLoadConfigFileFailure/ephemeral-count-and-for_each-and-enabled.tf
    parser_config_test.go:87: - ephemeral-count-and-for_each-and-enabled.tf:3,5-6,11: Invalid combination of "count", "enabled", and "for_each"; The "count", "enabled", and "for_each" meta-arguments are mutually-exclusive. Only one may be used to be explicit about the number of ephemeral resources to be created.
=== RUN   TestParserLoadConfigFileFailure/everything-is-a-plan.tf
    parser_config_test.go:87: - everything-is-a-plan.tf:5,3-14: Module uses experimental features; Experimental features are intended only for gathering early feedback on new language designs, and so are available only in alpha releases of Farseek.
=== RUN   TestParserLoadConfigFileFailure/interp-in-data-label.tf
    parser_config_test.go:87: - interp-in-data-label.tf:1,27-29: Invalid string literal; Template sequences are not allowed in this string. To include a literal "$", double it (as "$$") to escape it.
    parser_config_test.go:87: - interp-in-data-label.tf:1,22-58: Invalid data resource name; A name must start with a letter or underscore and may contain only letters, digits, underscores, and dashes.
=== RUN   TestParserLoadConfigFileFailure/interp-in-rsrc-label.tf
    parser_config_test.go:87: - interp-in-rsrc-label.tf:1,31-33: Invalid string literal; Template sequences are not allowed in this string. To include a literal "$", double it (as "$$") to escape it.
    parser_config_test.go:87: - interp-in-rsrc-label.tf:1,26-62: Invalid resource name; A name must start with a letter or underscore and may contain only letters, digits, underscores, and dashes.
=== RUN   TestParserLoadConfigFileFailure/json-as-native-syntax.tf
    parser_config_test.go:87: - json-as-native-syntax.tf:1,1-2: Argument or block definition required; An argument or block definition is required here.
=== RUN   TestParserLoadConfigFileFailure/module-calls.tf
    parser_config_test.go:87: - module-calls.tf:19,3-20,11: Invalid combination of "count" and "for_each"; The "count" and "for_each" meta-arguments are mutually-exclusive. Only one should be used to be explicit about the number of module instances to be created.
    parser_config_test.go:87: - module-calls.tf:34,5-36,8: Invalid combination of "count" and "enabled"; The "count" and "enabled" meta-arguments are mutually-exclusive. Only one should be used to be explicit about the number of module instances to be created.
=== RUN   TestParserLoadConfigFileFailure/native-syntax-as-json.tf.json
    parser_config_test.go:87: - native-syntax-as-json.tf.json:1,1-10: Invalid JSON keyword; "terraform" is not a valid JSON keyword.
    parser_config_test.go:87: - native-syntax-as-json.tf.json:1,1-10: Root value must be object; The root value in a JSON-based configuration must be either a JSON object or a JSON array of objects.
=== RUN   TestParserLoadConfigFileFailure/precondition-postcondition-badref.tf
    parser_config_test.go:87: - precondition-postcondition-badref.tf:6,23-52: Invalid reference in precondition; Configuration for data.example.example may not refer to itself.
    parser_config_test.go:87: - precondition-postcondition-badref.tf:11,23-74: Invalid reference in postcondition; Configuration for data.example.example may not refer to itself.
    parser_config_test.go:87: - precondition-postcondition-badref.tf:21,23-47: Invalid reference in precondition; Configuration for example.example may not refer to itself.
    parser_config_test.go:87: - precondition-postcondition-badref.tf:26,23-69: Invalid reference in postcondition; Configuration for example.example may not refer to itself.
=== RUN   TestParserLoadConfigFileFailure/precondition-postcondition-missing-condition.tf
    parser_config_test.go:87: - precondition-postcondition-missing-condition.tf:5,18-18: Missing required argument; The argument "condition" is required, but no definition was found.
    parser_config_test.go:87: - precondition-postcondition-missing-condition.tf:8,19-19: Missing required argument; The argument "condition" is required, but no definition was found.
=== RUN   TestParserLoadConfigFileFailure/provider-localname-normalization.tf
    parser_config_test.go:87: - provider-localname-normalization.tf:9,1-16: Invalid provider local name; Provider names must be normalized. Replace "TEST" with "test" to fix this error.
    parser_config_test.go:87: - provider-localname-normalization.tf:19,14-18: Invalid provider local name; Provider names must be normalized. Replace "TEST" with "test" to fix this error.
=== RUN   TestParserLoadConfigFileFailure/provider-reserved.tf
    parser_config_test.go:87: - provider-reserved.tf:4,13-20: Version constraints inside provider configuration blocks are deprecated; Farseek 0.13 and earlier allowed provider version constraints inside the provider configuration block, but that is now deprecated and will be removed in a future version of Farseek. To silence this warning, move the provider version constraint into the required_providers block.
    parser_config_test.go:87: - provider-reserved.tf:10,3-8: Reserved argument name in provider block; The provider argument name "count" is reserved for use by Farseek in a future version.
    parser_config_test.go:87: - provider-reserved.tf:11,3-13: Reserved argument name in provider block; The provider argument name "depends_on" is reserved for use by Farseek in a future version.
    parser_config_test.go:87: - provider-reserved.tf:12,3-9: Reserved argument name in provider block; The provider argument name "source" is reserved for use by Farseek in a future version.
    parser_config_test.go:87: - provider-reserved.tf:13,3-12: Reserved block type name in provider block; The block type name "lifecycle" is reserved for use by Farseek in a future version.
    parser_config_test.go:87: - provider-reserved.tf:14,3-9: Reserved block type name in provider block; The block type name "locals" is reserved for use by Farseek in a future version.
=== RUN   TestParserLoadConfigFileFailure/provider-syntax.tf
    parser_config_test.go:87: - provider-syntax.tf:2,13-3,1: Invalid expression; Expected the start of an expression, but found an invalid expression token.
    parser_config_test.go:87: - provider-syntax.tf:2,13-3,1: Version constraints inside provider configuration blocks are deprecated; Farseek 0.13 and earlier allowed provider version constraints inside the provider configuration block, but that is now deprecated and will be removed in a future version of Farseek. To silence this warning, move the provider version constraint into the required_providers block.
=== RUN   TestParserLoadConfigFileFailure/resource-count-and-for_each-and-enabled.tf
    parser_config_test.go:87: - resource-count-and-for_each-and-enabled.tf:3,5-6,11: Invalid combination of "count", "enabled", and "for_each"; The "count", "enabled", and "for_each" meta-arguments are mutually-exclusive. Only one may be used to be explicit about the number of resources to be created.
=== RUN   TestParserLoadConfigFileFailure/resource-count-and-for_each.tf
    parser_config_test.go:87: - resource-count-and-for_each.tf:2,3-3,11: Invalid combination of "count" and "for_each"; The "count" and "for_each" meta-arguments are mutually-exclusive. Only one may be used to be explicit about the number of resources to be created.
=== RUN   TestParserLoadConfigFileFailure/resource-invalid-provider-reference.tf
    parser_config_test.go:87: - resource-invalid-provider-reference.tf:2,14-21: Invalid provider local name; my_test is an invalid provider local name: must contain only letters, digits, and dashes, and may not use leading or trailing dashes
=== RUN   TestParserLoadConfigFileFailure/resource-lifecycle-badbool.tf
    parser_config_test.go:87: - resource-lifecycle-badbool.tf:3,30-44: Unsuitable value type; Unsuitable value: a bool is required
=== RUN   TestParserLoadConfigFileFailure/resource-name-invalid.tf
    parser_config_test.go:87: - resource-name-invalid.tf:1,10-25: Invalid resource type name; A name must start with a letter or underscore and may contain only letters, digits, underscores, and dashes.
    parser_config_test.go:87: - resource-name-invalid.tf:5,6-21: Invalid data source name; A name must start with a letter or underscore and may contain only letters, digits, underscores, and dashes.
=== RUN   TestParserLoadConfigFileFailure/resource-reserved-locals.tf
    parser_config_test.go:87: - resource-reserved-locals.tf:2,3-9: Reserved block type name in resource block; The block type name "locals" is reserved for use by Farseek in a future version.
=== RUN   TestParserLoadConfigFileFailure/resources-ignorechanges-all-legacymix.tf
    parser_config_test.go:87: - resources-ignorechanges-all-legacymix.tf:3,22-34: Invalid ignore_changes wildcard; The ["*"] form of ignore_changes wildcard is was deprecated and is now invalid. Use "ignore_changes = all" to ignore changes to all attributes.
    parser_config_test.go:87: - resources-ignorechanges-all-legacymix.tf:3,28-33: Quoted references are deprecated; In this context, references are expected literally rather than in quotes. Farseek 0.11 and earlier required quotes, but quoted references are now deprecated and will be removed in a future version of Farseek. Remove the quotes surrounding this reference to silence this warning.
    parser_config_test.go:87: - resources-ignorechanges-all-legacymix.tf:3,23-26: Invalid ignore_changes ruleset; Cannot mix wildcard string "*" with non-wildcard references.
=== RUN   TestParserLoadConfigFileFailure/triggered-invalid-each.tf
    parser_config_test.go:87: - triggered-invalid-each.tf:5,30-55: Invalid each reference in replace_triggered_by expression; Only each.key may be used in replace_triggered_by.
=== RUN   TestParserLoadConfigFileFailure/triggered-invalid-expression.tf
    parser_config_test.go:87: - triggered-invalid-expression.tf:4,30-45: Invalid reference; A reference to a resource type must be followed by at least one attribute access, specifying the resource name.
=== RUN   TestParserLoadConfigFileFailure/unexpected-attr.tf
    parser_config_test.go:87: - unexpected-attr.tf:1,1-4: Unsupported argument; An argument named "foo" is not expected here.
=== RUN   TestParserLoadConfigFileFailure/unexpected-block.tf
    parser_config_test.go:87: - unexpected-block.tf:1,1-9: Unsupported block type; Blocks of type "varyable" are not expected here. Did you mean "variable"?
=== RUN   TestParserLoadConfigFileFailure/variable-bad-default.tf
    parser_config_test.go:87: - variable-bad-default.tf:3,15-22: Invalid default value for variable; This default value is not compatible with the variable's type constraint: list of string required, but have string.
=== RUN   TestParserLoadConfigFileFailure/variable-bad-sensitive.tf
    parser_config_test.go:87: - variable-bad-sensitive.tf:2,16-19: Unsuitable value type; Unsuitable value: a bool is required
=== RUN   TestParserLoadConfigFileFailure/variable-complex-bad-default-inner-obj.tf
    parser_config_test.go:87: - variable-complex-bad-default-inner-obj.tf:9,15-13,6: Invalid default value for variable; This default value is not compatible with the variable's type constraint: ["mykey"].field: a bool is required.
=== RUN   TestParserLoadConfigFileFailure/variable-type-unknown.tf
    parser_config_test.go:87: - variable-type-unknown.tf:2,12-20: Invalid type specification; The keyword "notatype" is not a valid type specification.
=== RUN   TestParserLoadConfigFileFailure/variable-validation-condition-noref.tf
    parser_config_test.go:87: - variable-validation-condition-noref.tf:4,21-25: Invalid validation expression; The condition expression must refer to at least one object from elsewhere in the configuration, or else its result would not be checking anything.
    parser_config_test.go:87: - variable-validation-condition-noref.tf:4,21-25: Invalid variable validation condition; The condition for variable "validation" must refer to var.validation in order to test incoming values.
=== RUN   TestParserLoadConfigFileFailure/zerolen.tf.json
    parser_config_test.go:87: - zerolen.tf.json:1,1-1: Missing value; The JSON data ends prematurely.
    parser_config_test.go:87: - zerolen.tf.json:1,1-1: Root value must be object; The root value in a JSON-based configuration must be either a JSON object or a JSON array of objects.
--- PASS: TestParserLoadConfigFileFailure (0.00s)
    --- PASS: TestParserLoadConfigFileFailure/data-count-and-for_each-and-enabled.tf (0.00s)
    --- PASS: TestParserLoadConfigFileFailure/data-count-and-for_each.tf (0.00s)
    --- PASS: TestParserLoadConfigFileFailure/data-invalid-provider-reference.tf (0.00s)
    --- PASS: TestParserLoadConfigFileFailure/data-reserved-locals.tf (0.00s)
    --- PASS: TestParserLoadConfigFileFailure/data-resource-lifecycle.tf (0.00s)
    --- PASS: TestParserLoadConfigFileFailure/empty-deprecated-output-attr.tf (0.00s)
    --- PASS: TestParserLoadConfigFileFailure/ephemeral-count-and-for_each-and-enabled.tf (0.00s)
    --- PASS: TestParserLoadConfigFileFailure/everything-is-a-plan.tf (0.00s)
    --- PASS: TestParserLoadConfigFileFailure/interp-in-data-label.tf (0.00s)
    --- PASS: TestParserLoadConfigFileFailure/interp-in-rsrc-label.tf (0.00s)
    --- PASS: TestParserLoadConfigFileFailure/json-as-native-syntax.tf (0.00s)
    --- PASS: TestParserLoadConfigFileFailure/module-calls.tf (0.00s)
    --- PASS: TestParserLoadConfigFileFailure/native-syntax-as-json.tf.json (0.00s)
    --- PASS: TestParserLoadConfigFileFailure/precondition-postcondition-badref.tf (0.00s)
    --- PASS: TestParserLoadConfigFileFailure/precondition-postcondition-missing-condition.tf (0.00s)
    --- PASS: TestParserLoadConfigFileFailure/provider-localname-normalization.tf (0.00s)
    --- PASS: TestParserLoadConfigFileFailure/provider-reserved.tf (0.00s)
    --- PASS: TestParserLoadConfigFileFailure/provider-syntax.tf (0.00s)
    --- PASS: TestParserLoadConfigFileFailure/resource-count-and-for_each-and-enabled.tf (0.00s)
    --- PASS: TestParserLoadConfigFileFailure/resource-count-and-for_each.tf (0.00s)
    --- PASS: TestParserLoadConfigFileFailure/resource-invalid-provider-reference.tf (0.00s)
    --- PASS: TestParserLoadConfigFileFailure/resource-lifecycle-badbool.tf (0.00s)
    --- PASS: TestParserLoadConfigFileFailure/resource-name-invalid.tf (0.00s)
    --- PASS: TestParserLoadConfigFileFailure/resource-reserved-locals.tf (0.00s)
    --- PASS: TestParserLoadConfigFileFailure/resources-ignorechanges-all-legacymix.tf (0.00s)
    --- PASS: TestParserLoadConfigFileFailure/triggered-invalid-each.tf (0.00s)
    --- PASS: TestParserLoadConfigFileFailure/triggered-invalid-expression.tf (0.00s)
    --- PASS: TestParserLoadConfigFileFailure/unexpected-attr.tf (0.00s)
    --- PASS: TestParserLoadConfigFileFailure/unexpected-block.tf (0.00s)
    --- PASS: TestParserLoadConfigFileFailure/variable-bad-default.tf (0.00s)
    --- PASS: TestParserLoadConfigFileFailure/variable-bad-sensitive.tf (0.00s)
    --- PASS: TestParserLoadConfigFileFailure/variable-complex-bad-default-inner-obj.tf (0.00s)
    --- PASS: TestParserLoadConfigFileFailure/variable-type-unknown.tf (0.00s)
    --- PASS: TestParserLoadConfigFileFailure/variable-validation-condition-noref.tf (0.00s)
    --- PASS: TestParserLoadConfigFileFailure/zerolen.tf.json (0.00s)
=== RUN   TestParserLoadConfigFileFailureMessages
=== RUN   TestParserLoadConfigFileFailureMessages/invalid-files/data-resource-lifecycle.tf
=== RUN   TestParserLoadConfigFileFailureMessages/invalid-files/variable-type-unknown.tf
=== RUN   TestParserLoadConfigFileFailureMessages/invalid-files/unexpected-attr.tf
=== RUN   TestParserLoadConfigFileFailureMessages/invalid-files/unexpected-block.tf
=== RUN   TestParserLoadConfigFileFailureMessages/invalid-files/ephemeral-count-and-for_each-and-enabled.tf
=== RUN   TestParserLoadConfigFileFailureMessages/invalid-files/resource-count-and-for_each.tf
=== RUN   TestParserLoadConfigFileFailureMessages/invalid-files/resource-count-and-for_each-and-enabled.tf
=== RUN   TestParserLoadConfigFileFailureMessages/invalid-files/data-count-and-for_each.tf
=== RUN   TestParserLoadConfigFileFailureMessages/invalid-files/data-count-and-for_each-and-enabled.tf
=== RUN   TestParserLoadConfigFileFailureMessages/invalid-files/resource-lifecycle-badbool.tf
=== RUN   TestParserLoadConfigFileFailureMessages/invalid-files/variable-complex-bad-default-inner-obj.tf
=== RUN   TestParserLoadConfigFileFailureMessages/invalid-files/empty-deprecated-output-attr.tf
--- PASS: TestParserLoadConfigFileFailureMessages (0.00s)
    --- PASS: TestParserLoadConfigFileFailureMessages/invalid-files/data-resource-lifecycle.tf (0.00s)
    --- PASS: TestParserLoadConfigFileFailureMessages/invalid-files/variable-type-unknown.tf (0.00s)
    --- PASS: TestParserLoadConfigFileFailureMessages/invalid-files/unexpected-attr.tf (0.00s)
    --- PASS: TestParserLoadConfigFileFailureMessages/invalid-files/unexpected-block.tf (0.00s)
    --- PASS: TestParserLoadConfigFileFailureMessages/invalid-files/ephemeral-count-and-for_each-and-enabled.tf (0.00s)
    --- PASS: TestParserLoadConfigFileFailureMessages/invalid-files/resource-count-and-for_each.tf (0.00s)
    --- PASS: TestParserLoadConfigFileFailureMessages/invalid-files/resource-count-and-for_each-and-enabled.tf (0.00s)
    --- PASS: TestParserLoadConfigFileFailureMessages/invalid-files/data-count-and-for_each.tf (0.00s)
    --- PASS: TestParserLoadConfigFileFailureMessages/invalid-files/data-count-and-for_each-and-enabled.tf (0.00s)
    --- PASS: TestParserLoadConfigFileFailureMessages/invalid-files/resource-lifecycle-badbool.tf (0.00s)
    --- PASS: TestParserLoadConfigFileFailureMessages/invalid-files/variable-complex-bad-default-inner-obj.tf (0.00s)
    --- PASS: TestParserLoadConfigFileFailureMessages/invalid-files/empty-deprecated-output-attr.tf (0.00s)
=== RUN   TestParserLoadConfigFileWarning
=== RUN   TestParserLoadConfigFileWarning/depends_on.tf
=== RUN   TestParserLoadConfigFileWarning/provider_ref.tf
=== RUN   TestParserLoadConfigFileWarning/provisioner_keyword.tf
=== RUN   TestParserLoadConfigFileWarning/unused_variable_default_attrs.tf
--- PASS: TestParserLoadConfigFileWarning (0.00s)
    --- PASS: TestParserLoadConfigFileWarning/depends_on.tf (0.00s)
    --- PASS: TestParserLoadConfigFileWarning/provider_ref.tf (0.00s)
    --- PASS: TestParserLoadConfigFileWarning/provisioner_keyword.tf (0.00s)
    --- PASS: TestParserLoadConfigFileWarning/unused_variable_default_attrs.tf (0.00s)
=== RUN   TestParserLoadConfigFileError
=== RUN   TestParserLoadConfigFileError/destroy-provisioners.tf
=== RUN   TestParserLoadConfigFileError/duplicate-block-in-provisioner.tf
=== RUN   TestParserLoadConfigFileError/ignore_changes.tf
=== RUN   TestParserLoadConfigFileError/invalid-keyword-in-provisioner.tf
=== RUN   TestParserLoadConfigFileError/invalid_language_edition.tf
=== RUN   TestParserLoadConfigFileError/module-invalid-registry-source-with-module.tf
=== RUN   TestParserLoadConfigFileError/module-local-source-with-version.tf
=== RUN   TestParserLoadConfigFileError/module-sensitive.tf
=== RUN   TestParserLoadConfigFileError/precondition-postcondition-constant.tf
=== RUN   TestParserLoadConfigFileError/precondition-postcondition-selfref.tf
=== RUN   TestParserLoadConfigFileError/provider-source-prefix.tf
=== RUN   TestParserLoadConfigFileError/required-providers-toplevel.tf
=== RUN   TestParserLoadConfigFileError/unsupported_language_edition.tf
=== RUN   TestParserLoadConfigFileError/variable_type_quoted.tf
=== RUN   TestParserLoadConfigFileError/vendor_provisioners.tf
--- PASS: TestParserLoadConfigFileError (0.00s)
    --- PASS: TestParserLoadConfigFileError/destroy-provisioners.tf (0.00s)
    --- PASS: TestParserLoadConfigFileError/duplicate-block-in-provisioner.tf (0.00s)
    --- PASS: TestParserLoadConfigFileError/ignore_changes.tf (0.00s)
    --- PASS: TestParserLoadConfigFileError/invalid-keyword-in-provisioner.tf (0.00s)
    --- PASS: TestParserLoadConfigFileError/invalid_language_edition.tf (0.00s)
    --- PASS: TestParserLoadConfigFileError/module-invalid-registry-source-with-module.tf (0.00s)
    --- PASS: TestParserLoadConfigFileError/module-local-source-with-version.tf (0.00s)
    --- PASS: TestParserLoadConfigFileError/module-sensitive.tf (0.00s)
    --- PASS: TestParserLoadConfigFileError/precondition-postcondition-constant.tf (0.00s)
    --- PASS: TestParserLoadConfigFileError/precondition-postcondition-selfref.tf (0.00s)
    --- PASS: TestParserLoadConfigFileError/provider-source-prefix.tf (0.00s)
    --- PASS: TestParserLoadConfigFileError/required-providers-toplevel.tf (0.00s)
    --- PASS: TestParserLoadConfigFileError/unsupported_language_edition.tf (0.00s)
    --- PASS: TestParserLoadConfigFileError/variable_type_quoted.tf (0.00s)
    --- PASS: TestParserLoadConfigFileError/vendor_provisioners.tf (0.00s)
=== RUN   TestDecodeRequiredProvidersBlock
=== RUN   TestDecodeRequiredProvidersBlock/additional_attributes
=== RUN   TestDecodeRequiredProvidersBlock/legacy
=== RUN   TestDecodeRequiredProvidersBlock/provider_source
=== RUN   TestDecodeRequiredProvidersBlock/mixed
=== RUN   TestDecodeRequiredProvidersBlock/invalid_source
=== RUN   TestDecodeRequiredProvidersBlock/version_constraint_error
=== RUN   TestDecodeRequiredProvidersBlock/invalid_source_attribute_type
=== RUN   TestDecodeRequiredProvidersBlock/version-only_block
=== RUN   TestDecodeRequiredProvidersBlock/invalid_localname
=== RUN   TestDecodeRequiredProvidersBlock/invalid_localname_caps
=== RUN   TestDecodeRequiredProvidersBlock/invalid_required_providers_attribute_value
--- PASS: TestDecodeRequiredProvidersBlock (0.00s)
    --- PASS: TestDecodeRequiredProvidersBlock/additional_attributes (0.00s)
    --- PASS: TestDecodeRequiredProvidersBlock/legacy (0.00s)
    --- PASS: TestDecodeRequiredProvidersBlock/provider_source (0.00s)
    --- PASS: TestDecodeRequiredProvidersBlock/mixed (0.00s)
    --- PASS: TestDecodeRequiredProvidersBlock/invalid_source (0.00s)
    --- PASS: TestDecodeRequiredProvidersBlock/version_constraint_error (0.00s)
    --- PASS: TestDecodeRequiredProvidersBlock/invalid_source_attribute_type (0.00s)
    --- PASS: TestDecodeRequiredProvidersBlock/version-only_block (0.00s)
    --- PASS: TestDecodeRequiredProvidersBlock/invalid_localname (0.00s)
    --- PASS: TestDecodeRequiredProvidersBlock/invalid_localname_caps (0.00s)
    --- PASS: TestDecodeRequiredProvidersBlock/invalid_required_providers_attribute_value (0.00s)
=== RUN   TestProviderReservedNames
--- PASS: TestProviderReservedNames (0.00s)
=== RUN   TestParseProviderConfigCompact
=== RUN   TestParseProviderConfigCompact/aws
=== RUN   TestParseProviderConfigCompact/aws.foo
=== RUN   TestParseProviderConfigCompact/aws["foo"]
--- PASS: TestParseProviderConfigCompact (0.00s)
    --- PASS: TestParseProviderConfigCompact/aws (0.00s)
    --- PASS: TestParseProviderConfigCompact/aws.foo (0.00s)
    --- PASS: TestParseProviderConfigCompact/aws["foo"] (0.00s)
=== RUN   TestParseProviderConfigCompactStr
=== RUN   TestParseProviderConfigCompactStr/aws
=== RUN   TestParseProviderConfigCompactStr/aws.foo
=== RUN   TestParseProviderConfigCompactStr/aws["foo"]
--- PASS: TestParseProviderConfigCompactStr (0.00s)
    --- PASS: TestParseProviderConfigCompactStr/aws (0.00s)
    --- PASS: TestParseProviderConfigCompactStr/aws.foo (0.00s)
    --- PASS: TestParseProviderConfigCompactStr/aws["foo"] (0.00s)
=== RUN   TestProvisionerBlock_decode
=== RUN   TestProvisionerBlock_decode/refer_terraform.workspace_when_destroy
=== RUN   TestProvisionerBlock_decode/refer_farseek.workspace_when_destroy
=== RUN   TestProvisionerBlock_decode/refer_unknown.workspace_when_destroy
--- PASS: TestProvisionerBlock_decode (0.00s)
    --- PASS: TestProvisionerBlock_decode/refer_terraform.workspace_when_destroy (0.00s)
    --- PASS: TestProvisionerBlock_decode/refer_farseek.workspace_when_destroy (0.00s)
    --- PASS: TestProvisionerBlock_decode/refer_unknown.workspace_when_destroy (0.00s)
=== RUN   TestRemovedBlock_decode
=== RUN   TestRemovedBlock_decode/success-with-lifecycle-not-destroy-and-provisioner
=== RUN   TestRemovedBlock_decode/error-removed-module-with-provisioner
=== RUN   TestRemovedBlock_decode/error-non-destroy-provisioner
=== RUN   TestRemovedBlock_decode/error:_indexed_resources
=== RUN   TestRemovedBlock_decode/error:_data_address
=== RUN   TestRemovedBlock_decode/modules
=== RUN   TestRemovedBlock_decode/error:_missing_argument
=== RUN   TestRemovedBlock_decode/error:_indexed_modules
=== RUN   TestRemovedBlock_decode/success
=== RUN   TestRemovedBlock_decode/success-with-lifecycle-and-provisioner
--- PASS: TestRemovedBlock_decode (0.00s)
    --- PASS: TestRemovedBlock_decode/success-with-lifecycle-not-destroy-and-provisioner (0.00s)
    --- PASS: TestRemovedBlock_decode/error-removed-module-with-provisioner (0.00s)
    --- PASS: TestRemovedBlock_decode/error-non-destroy-provisioner (0.00s)
    --- PASS: TestRemovedBlock_decode/error:_indexed_resources (0.00s)
    --- PASS: TestRemovedBlock_decode/error:_data_address (0.00s)
    --- PASS: TestRemovedBlock_decode/modules (0.00s)
    --- PASS: TestRemovedBlock_decode/error:_missing_argument (0.00s)
    --- PASS: TestRemovedBlock_decode/error:_indexed_modules (0.00s)
    --- PASS: TestRemovedBlock_decode/success (0.00s)
    --- PASS: TestRemovedBlock_decode/success-with-lifecycle-and-provisioner (0.00s)
=== RUN   TestRemovedBlock_inModule
--- PASS: TestRemovedBlock_inModule (0.00s)
=== RUN   TestStaticEvaluator_Evaluate
=== RUN   TestStaticEvaluator_Evaluate/Empty_Eval
=== RUN   TestStaticEvaluator_Evaluate/Simple_static_cases
=== RUN   TestStaticEvaluator_Evaluate/Simple_static_cases/static
=== RUN   TestStaticEvaluator_Evaluate/Simple_static_cases/static_ref
=== RUN   TestStaticEvaluator_Evaluate/Simple_static_cases/static_fn
=== RUN   TestStaticEvaluator_Evaluate/Simple_static_cases/path_root
=== RUN   TestStaticEvaluator_Evaluate/Simple_static_cases/path_module
=== RUN   TestStaticEvaluator_Evaluate/Valid_Variables
=== RUN   TestStaticEvaluator_Evaluate/Valid_Variables/var_str_def_ref
=== RUN   TestStaticEvaluator_Evaluate/Valid_Variables/var_map_def_access
=== RUN   TestStaticEvaluator_Evaluate/Valid_Variables/var_str_ref
=== RUN   TestStaticEvaluator_Evaluate/Valid_Variables/var_map_access
=== RUN   TestStaticEvaluator_Evaluate/Bad_References
=== RUN   TestStaticEvaluator_Evaluate/Bad_References/invalid_ref
=== RUN   TestStaticEvaluator_Evaluate/Bad_References/unavailable_ref
=== RUN   TestStaticEvaluator_Evaluate/Circular_References
=== RUN   TestStaticEvaluator_Evaluate/Circular_References/circular
=== RUN   TestStaticEvaluator_Evaluate/Circular_References/circular_ref
=== RUN   TestStaticEvaluator_Evaluate/Circular_References/circular_a
=== RUN   TestStaticEvaluator_Evaluate/Dependency_chain
=== RUN   TestStaticEvaluator_Evaluate/Missing_References
=== RUN   TestStaticEvaluator_Evaluate/Missing_References/local_missing
=== RUN   TestStaticEvaluator_Evaluate/Missing_References/var_missing
=== RUN   TestStaticEvaluator_Evaluate/Workspace
=== RUN   TestStaticEvaluator_Evaluate/Functions
--- PASS: TestStaticEvaluator_Evaluate (0.00s)
    --- PASS: TestStaticEvaluator_Evaluate/Empty_Eval (0.00s)
    --- PASS: TestStaticEvaluator_Evaluate/Simple_static_cases (0.00s)
        --- PASS: TestStaticEvaluator_Evaluate/Simple_static_cases/static (0.00s)
        --- PASS: TestStaticEvaluator_Evaluate/Simple_static_cases/static_ref (0.00s)
        --- PASS: TestStaticEvaluator_Evaluate/Simple_static_cases/static_fn (0.00s)
        --- PASS: TestStaticEvaluator_Evaluate/Simple_static_cases/path_root (0.00s)
        --- PASS: TestStaticEvaluator_Evaluate/Simple_static_cases/path_module (0.00s)
    --- PASS: TestStaticEvaluator_Evaluate/Valid_Variables (0.00s)
        --- PASS: TestStaticEvaluator_Evaluate/Valid_Variables/var_str_def_ref (0.00s)
        --- PASS: TestStaticEvaluator_Evaluate/Valid_Variables/var_map_def_access (0.00s)
        --- PASS: TestStaticEvaluator_Evaluate/Valid_Variables/var_str_ref (0.00s)
        --- PASS: TestStaticEvaluator_Evaluate/Valid_Variables/var_map_access (0.00s)
    --- PASS: TestStaticEvaluator_Evaluate/Bad_References (0.00s)
        --- PASS: TestStaticEvaluator_Evaluate/Bad_References/invalid_ref (0.00s)
        --- PASS: TestStaticEvaluator_Evaluate/Bad_References/unavailable_ref (0.00s)
    --- PASS: TestStaticEvaluator_Evaluate/Circular_References (0.00s)
        --- PASS: TestStaticEvaluator_Evaluate/Circular_References/circular (0.00s)
        --- PASS: TestStaticEvaluator_Evaluate/Circular_References/circular_ref (0.00s)
        --- PASS: TestStaticEvaluator_Evaluate/Circular_References/circular_a (0.00s)
    --- PASS: TestStaticEvaluator_Evaluate/Dependency_chain (0.00s)
    --- PASS: TestStaticEvaluator_Evaluate/Missing_References (0.00s)
        --- PASS: TestStaticEvaluator_Evaluate/Missing_References/local_missing (0.00s)
        --- PASS: TestStaticEvaluator_Evaluate/Missing_References/var_missing (0.00s)
    --- PASS: TestStaticEvaluator_Evaluate/Workspace (0.00s)
    --- PASS: TestStaticEvaluator_Evaluate/Functions (0.00s)
=== RUN   TestStaticEvaluator_DecodeExpression
=== RUN   TestStaticEvaluator_DecodeExpression/"static"
=== RUN   TestStaticEvaluator_DecodeExpression/count
=== RUN   TestStaticEvaluator_DecodeExpression/module.foo.bar
=== RUN   TestStaticEvaluator_DecodeExpression/local.my_ephemeral_local
=== RUN   TestStaticEvaluator_DecodeExpression/local.my_sensitive_local
--- PASS: TestStaticEvaluator_DecodeExpression (0.00s)
    --- PASS: TestStaticEvaluator_DecodeExpression/"static" (0.00s)
    --- PASS: TestStaticEvaluator_DecodeExpression/count (0.00s)
    --- PASS: TestStaticEvaluator_DecodeExpression/module.foo.bar (0.00s)
    --- PASS: TestStaticEvaluator_DecodeExpression/local.my_ephemeral_local (0.00s)
    --- PASS: TestStaticEvaluator_DecodeExpression/local.my_sensitive_local (0.00s)
=== RUN   TestStaticEvaluator_DecodeBlock
=== RUN   TestStaticEvaluator_DecodeBlock/valid
=== RUN   TestStaticEvaluator_DecodeBlock/badref
=== RUN   TestStaticEvaluator_DecodeBlock/badeval
=== RUN   TestStaticEvaluator_DecodeBlock/sensitive
=== RUN   TestStaticEvaluator_DecodeBlock/ephemeral
--- PASS: TestStaticEvaluator_DecodeBlock (0.00s)
    --- PASS: TestStaticEvaluator_DecodeBlock/valid (0.00s)
    --- PASS: TestStaticEvaluator_DecodeBlock/badref (0.00s)
    --- PASS: TestStaticEvaluator_DecodeBlock/badeval (0.00s)
    --- PASS: TestStaticEvaluator_DecodeBlock/sensitive (0.00s)
    --- PASS: TestStaticEvaluator_DecodeBlock/ephemeral (0.00s)
=== RUN   TestStaticScope_GetInputVariable
=== RUN   TestStaticScope_GetInputVariable/valid
=== RUN   TestStaticScope_GetInputVariable/valid/unknown_string
=== RUN   TestStaticScope_GetInputVariable/valid/sensitive_string
=== RUN   TestStaticScope_GetInputVariable/valid/unconstrained
=== RUN   TestStaticScope_GetInputVariable/valid/string_from_number
=== RUN   TestStaticScope_GetInputVariable/valid/set_from_tuple
=== RUN   TestStaticScope_GetInputVariable/valid/map_from_object
=== RUN   TestStaticScope_GetInputVariable/valid/nullable_null_string
=== RUN   TestStaticScope_GetInputVariable/valid/ephemeral_string
=== RUN   TestStaticScope_GetInputVariable/valid/string
=== RUN   TestStaticScope_GetInputVariable/valid/list_from_tuple
=== RUN   TestStaticScope_GetInputVariable/valid/non_nullable_default
=== RUN   TestStaticScope_GetInputVariable/valid/object_with_optional
=== RUN   TestStaticScope_GetInputVariable/incompatible_type
=== RUN   TestStaticScope_GetInputVariable/non-nullable_null
--- PASS: TestStaticScope_GetInputVariable (0.00s)
    --- PASS: TestStaticScope_GetInputVariable/valid (0.00s)
        --- PASS: TestStaticScope_GetInputVariable/valid/unknown_string (0.00s)
        --- PASS: TestStaticScope_GetInputVariable/valid/sensitive_string (0.00s)
        --- PASS: TestStaticScope_GetInputVariable/valid/unconstrained (0.00s)
        --- PASS: TestStaticScope_GetInputVariable/valid/string_from_number (0.00s)
        --- PASS: TestStaticScope_GetInputVariable/valid/set_from_tuple (0.00s)
        --- PASS: TestStaticScope_GetInputVariable/valid/map_from_object (0.00s)
        --- PASS: TestStaticScope_GetInputVariable/valid/nullable_null_string (0.00s)
        --- PASS: TestStaticScope_GetInputVariable/valid/ephemeral_string (0.00s)
        --- PASS: TestStaticScope_GetInputVariable/valid/string (0.00s)
        --- PASS: TestStaticScope_GetInputVariable/valid/list_from_tuple (0.00s)
        --- PASS: TestStaticScope_GetInputVariable/valid/non_nullable_default (0.00s)
        --- PASS: TestStaticScope_GetInputVariable/valid/object_with_optional (0.00s)
    --- PASS: TestStaticScope_GetInputVariable/incompatible_type (0.00s)
    --- PASS: TestStaticScope_GetInputVariable/non-nullable_null (0.00s)
=== RUN   TestStaticScope_GetLocalValue
=== RUN   TestStaticScope_GetLocalValue/valid
=== RUN   TestStaticScope_GetLocalValue/undeclared
--- PASS: TestStaticScope_GetLocalValue (0.00s)
    --- PASS: TestStaticScope_GetLocalValue/valid (0.00s)
    --- PASS: TestStaticScope_GetLocalValue/undeclared (0.00s)
=== RUN   TestTestRun_Validate
=== RUN   TestTestRun_Validate/path
=== RUN   TestTestRun_Validate/empty
=== RUN   TestTestRun_Validate/supports_expected
=== RUN   TestTestRun_Validate/count
=== RUN   TestTestRun_Validate/foreach
=== RUN   TestTestRun_Validate/local
=== RUN   TestTestRun_Validate/module
--- PASS: TestTestRun_Validate (0.00s)
    --- PASS: TestTestRun_Validate/path (0.00s)
    --- PASS: TestTestRun_Validate/empty (0.00s)
    --- PASS: TestTestRun_Validate/supports_expected (0.00s)
    --- PASS: TestTestRun_Validate/count (0.00s)
    --- PASS: TestTestRun_Validate/foreach (0.00s)
    --- PASS: TestTestRun_Validate/local (0.00s)
    --- PASS: TestTestRun_Validate/module (0.00s)
=== RUN   TestDecodeTestRunModuleBlock
=== RUN   TestDecodeTestRunModuleBlock/invalid
=== RUN   TestDecodeTestRunModuleBlock/generic_git_url
=== RUN   TestDecodeTestRunModuleBlock/github_url
--- PASS: TestDecodeTestRunModuleBlock (0.00s)
    --- PASS: TestDecodeTestRunModuleBlock/invalid (0.00s)
    --- PASS: TestDecodeTestRunModuleBlock/generic_git_url (0.00s)
    --- PASS: TestDecodeTestRunModuleBlock/github_url (0.00s)
=== RUN   TestComplainRngAndMsg
=== RUN   TestComplainRngAndMsg/enabled_and_for_each
=== RUN   TestComplainRngAndMsg/count_and_enabled_and_for_each
=== RUN   TestComplainRngAndMsg/count_and_enabled
=== RUN   TestComplainRngAndMsg/count_and_for_each
--- PASS: TestComplainRngAndMsg (0.00s)
    --- PASS: TestComplainRngAndMsg/enabled_and_for_each (0.00s)
    --- PASS: TestComplainRngAndMsg/count_and_enabled_and_for_each (0.00s)
    --- PASS: TestComplainRngAndMsg/count_and_enabled (0.00s)
    --- PASS: TestComplainRngAndMsg/count_and_for_each (0.00s)
FAIL
FAIL	github.com/rafagsiqueira/farseek/internal/configs	0.583s
FAIL
